2018-07-09 18:13:18,780 [         Controller.java:main:601] - Start failed
java.lang.RuntimeException: Exception in Application start method
	at javafx.graphics/com.sun.javafx.application.LauncherImpl.launchApplication1(LauncherImpl.java:973)
	at javafx.graphics/com.sun.javafx.application.LauncherImpl.lambda$launchApplication$2(LauncherImpl.java:198)
	at java.base/java.lang.Thread.run(Thread.java:844)
Caused by: java.lang.NullPointerException
	at gUI.Main_GUIs.createDSGUI(Main_GUIs.java:187)
	at gUI.Controller.start(Controller.java:74)
	at javafx.graphics/com.sun.javafx.application.LauncherImpl.lambda$launchApplication1$9(LauncherImpl.java:919)
	at javafx.graphics/com.sun.javafx.application.PlatformImpl.lambda$runAndWait$11(PlatformImpl.java:449)
	at javafx.graphics/com.sun.javafx.application.PlatformImpl.lambda$runLater$9(PlatformImpl.java:418)
	at java.base/java.security.AccessController.doPrivileged(Native Method)
	at javafx.graphics/com.sun.javafx.application.PlatformImpl.lambda$runLater$10(PlatformImpl.java:417)
	at javafx.graphics/com.sun.glass.ui.InvokeLaterDispatcher$Future.run(InvokeLaterDispatcher.java:96)
	at javafx.graphics/com.sun.glass.ui.win.WinApplication._runLoop(Native Method)
	at javafx.graphics/com.sun.glass.ui.win.WinApplication.lambda$runLoop$3(WinApplication.java:175)
	... 1 more
2018-07-09 18:20:28,134 [         Controller.java:main:601] - Start failed
java.lang.RuntimeException: Exception in Application start method
	at javafx.graphics/com.sun.javafx.application.LauncherImpl.launchApplication1(LauncherImpl.java:973)
	at javafx.graphics/com.sun.javafx.application.LauncherImpl.lambda$launchApplication$2(LauncherImpl.java:198)
	at java.base/java.lang.Thread.run(Thread.java:844)
Caused by: java.lang.NullPointerException
	at gUI.Main_GUIs.createDSGUI(Main_GUIs.java:194)
	at gUI.Controller.start(Controller.java:74)
	at javafx.graphics/com.sun.javafx.application.LauncherImpl.lambda$launchApplication1$9(LauncherImpl.java:919)
	at javafx.graphics/com.sun.javafx.application.PlatformImpl.lambda$runAndWait$11(PlatformImpl.java:449)
	at javafx.graphics/com.sun.javafx.application.PlatformImpl.lambda$runLater$9(PlatformImpl.java:418)
	at java.base/java.security.AccessController.doPrivileged(Native Method)
	at javafx.graphics/com.sun.javafx.application.PlatformImpl.lambda$runLater$10(PlatformImpl.java:417)
	at javafx.graphics/com.sun.glass.ui.InvokeLaterDispatcher$Future.run(InvokeLaterDispatcher.java:96)
	at javafx.graphics/com.sun.glass.ui.win.WinApplication._runLoop(Native Method)
	at javafx.graphics/com.sun.glass.ui.win.WinApplication.lambda$runLoop$3(WinApplication.java:175)
	... 1 more
2018-07-09 18:21:21,150 [         Controller.java:main:601] - Start failed
java.lang.RuntimeException: Exception in Application start method
	at javafx.graphics/com.sun.javafx.application.LauncherImpl.launchApplication1(LauncherImpl.java:973)
	at javafx.graphics/com.sun.javafx.application.LauncherImpl.lambda$launchApplication$2(LauncherImpl.java:198)
	at java.base/java.lang.Thread.run(Thread.java:844)
Caused by: java.lang.NullPointerException
	at gUI.Main_GUIs.createDSGUI(Main_GUIs.java:194)
	at gUI.Controller.start(Controller.java:74)
	at javafx.graphics/com.sun.javafx.application.LauncherImpl.lambda$launchApplication1$9(LauncherImpl.java:919)
	at javafx.graphics/com.sun.javafx.application.PlatformImpl.lambda$runAndWait$11(PlatformImpl.java:449)
	at javafx.graphics/com.sun.javafx.application.PlatformImpl.lambda$runLater$9(PlatformImpl.java:418)
	at java.base/java.security.AccessController.doPrivileged(Native Method)
	at javafx.graphics/com.sun.javafx.application.PlatformImpl.lambda$runLater$10(PlatformImpl.java:417)
	at javafx.graphics/com.sun.glass.ui.InvokeLaterDispatcher$Future.run(InvokeLaterDispatcher.java:96)
	at javafx.graphics/com.sun.glass.ui.win.WinApplication._runLoop(Native Method)
	at javafx.graphics/com.sun.glass.ui.win.WinApplication.lambda$runLoop$3(WinApplication.java:175)
	... 1 more
2018-07-09 18:25:57,013 [         Controller.java:main:601] - Start failed
java.lang.RuntimeException: Exception in Application start method
	at javafx.graphics/com.sun.javafx.application.LauncherImpl.launchApplication1(LauncherImpl.java:973)
	at javafx.graphics/com.sun.javafx.application.LauncherImpl.lambda$launchApplication$2(LauncherImpl.java:198)
	at java.base/java.lang.Thread.run(Thread.java:844)
Caused by: java.lang.NullPointerException
	at gUI.Main_GUIs.createDSGUI(Main_GUIs.java:192)
	at gUI.Controller.start(Controller.java:74)
	at javafx.graphics/com.sun.javafx.application.LauncherImpl.lambda$launchApplication1$9(LauncherImpl.java:919)
	at javafx.graphics/com.sun.javafx.application.PlatformImpl.lambda$runAndWait$11(PlatformImpl.java:449)
	at javafx.graphics/com.sun.javafx.application.PlatformImpl.lambda$runLater$9(PlatformImpl.java:418)
	at java.base/java.security.AccessController.doPrivileged(Native Method)
	at javafx.graphics/com.sun.javafx.application.PlatformImpl.lambda$runLater$10(PlatformImpl.java:417)
	at javafx.graphics/com.sun.glass.ui.InvokeLaterDispatcher$Future.run(InvokeLaterDispatcher.java:96)
	at javafx.graphics/com.sun.glass.ui.win.WinApplication._runLoop(Native Method)
	at javafx.graphics/com.sun.glass.ui.win.WinApplication.lambda$runLoop$3(WinApplication.java:175)
	... 1 more
